lint-fix-3.log:120:   214:79  error    `"` can be escaped with `&quot;`, `&ldquo;`, `&#34;`, `&rdquo;`  react/no-unescaped-entities
lint-fix-3.log:121:   214:87  error    `"` can be escaped with `&quot;`, `&ldquo;`, `&#34;`, `&rdquo;`  react/no-unescaped-entities
lint-fix-3.log:139:   854:84   error    `'` can be escaped with `&apos;`, `&lsquo;`, `&#39;`, `&rsquo;`                                                                                                                                                                                                                          react/no-unescaped-entities
lint-fix-3.log:140:   854:102  error    `'` can be escaped with `&apos;`, `&lsquo;`, `&#39;`, `&rsquo;`                                                                                                                                                                                                                          react/no-unescaped-entities
lint-fix-3.log:157:  330:30   error    `"` can be escaped with `&quot;`, `&ldquo;`, `&#34;`, `&rdquo;`  react/no-unescaped-entities
lint-fix-3.log:158:  330:40   error    `"` can be escaped with `&quot;`, `&ldquo;`, `&#34;`, `&rdquo;`  react/no-unescaped-entities
lint-fix-3.log:159:  356:23   error    `"` can be escaped with `&quot;`, `&ldquo;`, `&#34;`, `&rdquo;`  react/no-unescaped-entities
lint-fix-3.log:160:  356:148  error    `"` can be escaped with `&quot;`, `&ldquo;`, `&#34;`, `&rdquo;`  react/no-unescaped-entities
lint-fix-3.log:161:  375:120  error    `"` can be escaped with `&quot;`, `&ldquo;`, `&#34;`, `&rdquo;`  react/no-unescaped-entities
lint-fix-3.log:162:  375:445  error    `"` can be escaped with `&quot;`, `&ldquo;`, `&#34;`, `&rdquo;`  react/no-unescaped-entities
lint-fix-3.log:163:  623:19   error    `"` can be escaped with `&quot;`, `&ldquo;`, `&#34;`, `&rdquo;`  react/no-unescaped-entities
lint-fix-3.log:164:  623:72   error    `"` can be escaped with `&quot;`, `&ldquo;`, `&#34;`, `&rdquo;`  react/no-unescaped-entities
lint-fix-3.log:165:  636:72   error    `"` can be escaped with `&quot;`, `&ldquo;`, `&#34;`, `&rdquo;`  react/no-unescaped-entities
lint-fix-3.log:166:  636:78   error    `"` can be escaped with `&quot;`, `&ldquo;`, `&#34;`, `&rdquo;`  react/no-unescaped-entities
lint-fix-3.log:167:  647:19   error    `"` can be escaped with `&quot;`, `&ldquo;`, `&#34;`, `&rdquo;`  react/no-unescaped-entities
lint-fix-3.log:168:  647:79   error    `"` can be escaped with `&quot;`, `&ldquo;`, `&#34;`, `&rdquo;`  react/no-unescaped-entities
lint-fix-3.log:169:  671:19   error    `"` can be escaped with `&quot;`, `&ldquo;`, `&#34;`, `&rdquo;`  react/no-unescaped-entities
lint-fix-3.log:170:  671:76   error    `"` can be escaped with `&quot;`, `&ldquo;`, `&#34;`, `&rdquo;`  react/no-unescaped-entities
lint-fix-3.log:171:  689:69   error    `"` can be escaped with `&quot;`, `&ldquo;`, `&#34;`, `&rdquo;`  react/no-unescaped-entities
lint-fix-3.log:172:  689:106  error    `"` can be escaped with `&quot;`, `&ldquo;`, `&#34;`, `&rdquo;`  react/no-unescaped-entities
lint-fix-3.log:173:  691:89   error    `"` can be escaped with `&quot;`, `&ldquo;`, `&#34;`, `&rdquo;`  react/no-unescaped-entities
lint-fix-3.log:174:  691:99   error    `"` can be escaped with `&quot;`, `&ldquo;`, `&#34;`, `&rdquo;`  react/no-unescaped-entities
lint-fix-3.log:175:  699:69   error    `"` can be escaped with `&quot;`, `&ldquo;`, `&#34;`, `&rdquo;`  react/no-unescaped-entities
lint-fix-3.log:176:  699:101  error    `"` can be escaped with `&quot;`, `&ldquo;`, `&#34;`, `&rdquo;`  react/no-unescaped-entities
lint-fix-3.log:177:  701:68   error    `"` can be escaped with `&quot;`, `&ldquo;`, `&#34;`, `&rdquo;`  react/no-unescaped-entities
lint-fix-3.log:178:  701:76   error    `"` can be escaped with `&quot;`, `&ldquo;`, `&#34;`, `&rdquo;`  react/no-unescaped-entities
lint-fix-3.log:194:   452:71  error    `"` can be escaped with `&quot;`, `&ldquo;`, `&#34;`, `&rdquo;`                                                                                                                                                                                                                          react/no-unescaped-entities
lint-fix-3.log:195:   452:96  error    `"` can be escaped with `&quot;`, `&ldquo;`, `&#34;`, `&rdquo;`                                                                                                                                                                                                                          react/no-unescaped-entities
lint-fix-3.log:242:  1105:195  error    `"` can be escaped with `&quot;`, `&ldquo;`, `&#34;`, `&rdquo;`                                                                                                                             react/no-unescaped-entities
lint-fix-3.log:243:  1105:216  error    `"` can be escaped with `&quot;`, `&ldquo;`, `&#34;`, `&rdquo;`                                                                                                                             react/no-unescaped-entities
lint-fix-3.log:438:  165:51  error    `"` can be escaped with `&quot;`, `&ldquo;`, `&#34;`, `&rdquo;`                                                                                                                         react/no-unescaped-entities
lint-fix-3.log:439:  165:59  error    `"` can be escaped with `&quot;`, `&ldquo;`, `&#34;`, `&rdquo;`                                                                                                                         react/no-unescaped-entities
lint-fix-3.log:484:  88:99   error    `"` can be escaped with `&quot;`, `&ldquo;`, `&#34;`, `&rdquo;`  react/no-unescaped-entities
lint-fix-3.log:485:  88:114  error    `"` can be escaped with `&quot;`, `&ldquo;`, `&#34;`, `&rdquo;`  react/no-unescaped-entities
lint-fix-3.log:498:  149:59  error    `"` can be escaped with `&quot;`, `&ldquo;`, `&#34;`, `&rdquo;`  react/no-unescaped-entities
lint-fix-3.log:499:  149:67  error    `"` can be escaped with `&quot;`, `&ldquo;`, `&#34;`, `&rdquo;`  react/no-unescaped-entities
